2017-05-20 10:13:21,977 INFO [org.apache.shiro.session.mgt.AbstractValidatingSessionManager] - Enabling session validation scheduler...
2017-05-20 10:14:01,029 INFO [org.apache.shiro.session.mgt.AbstractValidatingSessionManager] - Enabling session validation scheduler...
2017-05-20 10:37:09,727 INFO [org.apache.shiro.config.IniSecurityManagerFactory] - Realms have been explicitly set on the SecurityManager instance - auto-setting of realms will not occur.
2017-05-20 10:37:28,925 INFO [org.apache.shiro.config.IniSecurityManagerFactory] - Realms have been explicitly set on the SecurityManager instance - auto-setting of realms will not occur.
2017-05-20 10:37:28,956 INFO [org.apache.shiro.session.mgt.AbstractValidatingSessionManager] - Enabling session validation scheduler...
2017-05-20 10:37:47,489 INFO [org.apache.shiro.config.IniSecurityManagerFactory] - Realms have been explicitly set on the SecurityManager instance - auto-setting of realms will not occur.
2017-05-20 10:38:57,495 INFO [org.apache.shiro.config.IniSecurityManagerFactory] - Realms have been explicitly set on the SecurityManager instance - auto-setting of realms will not occur.
2017-05-20 10:38:57,527 INFO [org.apache.shiro.session.mgt.AbstractValidatingSessionManager] - Enabling session validation scheduler...
2017-05-20 11:00:17,548 INFO [org.apache.shiro.config.IniSecurityManagerFactory] - Realms have been explicitly set on the SecurityManager instance - auto-setting of realms will not occur.
2017-05-20 11:00:42,958 INFO [org.apache.shiro.config.IniSecurityManagerFactory] - Realms have been explicitly set on the SecurityManager instance - auto-setting of realms will not occur.
2017-05-20 11:00:59,552 INFO [org.apache.shiro.config.IniSecurityManagerFactory] - Realms have been explicitly set on the SecurityManager instance - auto-setting of realms will not occur.
2017-05-20 11:00:59,929 INFO [org.apache.shiro.session.mgt.AbstractValidatingSessionManager] - Enabling session validation scheduler...
2017-05-20 11:10:03,892 WARN [org.apache.shiro.authc.AbstractAuthenticator] - Authentication failed for token submission [org.apache.shiro.authc.UsernamePasswordToken - mldn, rememberMe=false].  Possible unexpected error? (Typical or expected login exceptions should extend from AuthenticationException).
java.lang.IllegalStateException: Configuration error:  No realms have been configured!  One or more realms must be present to execute an authentication attempt.
	at org.apache.shiro.authc.pam.ModularRealmAuthenticator.assertRealmsConfigured(ModularRealmAuthenticator.java:161)
	at org.apache.shiro.authc.pam.ModularRealmAuthenticator.doAuthenticate(ModularRealmAuthenticator.java:264)
	at org.apache.shiro.authc.AbstractAuthenticator.authenticate(AbstractAuthenticator.java:198)
	at org.apache.shiro.mgt.AuthenticatingSecurityManager.authenticate(AuthenticatingSecurityManager.java:106)
	at org.apache.shiro.mgt.DefaultSecurityManager.login(DefaultSecurityManager.java:270)
	at org.apache.shiro.subject.support.DelegatingSubject.login(DelegatingSubject.java:256)
	at cn.mldn.shiro.base.TestShiro.main(TestShiro.java:17)
2017-05-20 11:11:47,424 INFO [org.apache.shiro.session.mgt.AbstractValidatingSessionManager] - Enabling session validation scheduler...
2017-05-20 11:15:32,828 INFO [org.apache.shiro.session.mgt.AbstractValidatingSessionManager] - Enabling session validation scheduler...
2017-05-20 11:44:57,286 INFO [org.apache.shiro.config.IniSecurityManagerFactory] - Realms have been explicitly set on the SecurityManager instance - auto-setting of realms will not occur.
2017-05-20 11:44:57,331 INFO [org.apache.shiro.session.mgt.AbstractValidatingSessionManager] - Enabling session validation scheduler...
2017-05-20 11:46:02,245 INFO [org.apache.shiro.config.IniSecurityManagerFactory] - Realms have been explicitly set on the SecurityManager instance - auto-setting of realms will not occur.
2017-05-20 11:46:02,691 INFO [org.apache.shiro.session.mgt.AbstractValidatingSessionManager] - Enabling session validation scheduler...
2017-05-20 11:47:22,580 INFO [org.apache.shiro.config.IniSecurityManagerFactory] - Realms have been explicitly set on the SecurityManager instance - auto-setting of realms will not occur.
2017-05-20 11:47:23,049 INFO [org.apache.shiro.session.mgt.AbstractValidatingSessionManager] - Enabling session validation scheduler...
2017-05-20 11:47:42,882 INFO [org.apache.shiro.config.IniSecurityManagerFactory] - Realms have been explicitly set on the SecurityManager instance - auto-setting of realms will not occur.
2017-05-20 11:47:43,339 INFO [org.apache.shiro.session.mgt.AbstractValidatingSessionManager] - Enabling session validation scheduler...
2017-05-20 11:48:08,867 INFO [org.apache.shiro.config.IniSecurityManagerFactory] - Realms have been explicitly set on the SecurityManager instance - auto-setting of realms will not occur.
2017-05-20 11:48:09,253 INFO [org.apache.shiro.session.mgt.AbstractValidatingSessionManager] - Enabling session validation scheduler...
2017-05-20 11:48:21,104 INFO [org.apache.shiro.config.IniSecurityManagerFactory] - Realms have been explicitly set on the SecurityManager instance - auto-setting of realms will not occur.
2017-05-20 11:48:21,495 INFO [org.apache.shiro.session.mgt.AbstractValidatingSessionManager] - Enabling session validation scheduler...
2017-05-20 11:58:10,216 INFO [org.apache.shiro.config.IniSecurityManagerFactory] - Realms have been explicitly set on the SecurityManager instance - auto-setting of realms will not occur.
2017-05-20 11:58:10,670 INFO [org.apache.shiro.session.mgt.AbstractValidatingSessionManager] - Enabling session validation scheduler...
2017-05-20 11:59:49,360 INFO [org.apache.shiro.config.IniSecurityManagerFactory] - Realms have been explicitly set on the SecurityManager instance - auto-setting of realms will not occur.
2017-05-20 11:59:49,729 INFO [org.apache.shiro.session.mgt.AbstractValidatingSessionManager] - Enabling session validation scheduler...
